[2026-07-21T22:11:00.104+0000] {local_task_job_runner.py:120} INFO - ::group::Pre task execution logs
[2026-07-21T22:11:00.145+0000] {taskinstance.py:2076} INFO - Dependencies all met for dep_context=non-requeueable deps ti=<TaskInstance: weather_analytics_etl_pipeline.transform_weather_data manual__2026-07-21T22:10:56.649865+00:00 [queued]>
[2026-07-21T22:11:00.152+0000] {taskinstance.py:2076} INFO - Dependencies all met for dep_context=requeueable deps ti=<TaskInstance: weather_analytics_etl_pipeline.transform_weather_data manual__2026-07-21T22:10:56.649865+00:00 [queued]>
[2026-07-21T22:11:00.153+0000] {taskinstance.py:2306} INFO - Starting attempt 1 of 2
[2026-07-21T22:11:00.169+0000] {taskinstance.py:2330} INFO - Executing <Task(PythonOperator): transform_weather_data> on 2026-07-21 22:10:56.649865+00:00
[2026-07-21T22:11:00.186+0000] {logging_mixin.py:188} WARNING - /home/***/.local/lib/python3.12/site-packages/***/task/task_runner/standard_task_runner.py:61 DeprecationWarning: This process (pid=188) is multi-threaded, use of fork() may lead to deadlocks in the child.
[2026-07-21T22:11:00.184+0000] {standard_task_runner.py:90} INFO - Running: ['***', 'tasks', 'run', 'weather_analytics_etl_pipeline', 'transform_weather_data', 'manual__2026-07-21T22:10:56.649865+00:00', '--job-id', '15', '--raw', '--subdir', 'DAGS_FOLDER/weather_etl_dag.py', '--cfg-path', '/tmp/tmp0qusnar6']
[2026-07-21T22:11:00.187+0000] {standard_task_runner.py:63} INFO - Started process 190 to run task
[2026-07-21T22:11:00.187+0000] {standard_task_runner.py:91} INFO - Job 15: Subtask transform_weather_data
[2026-07-21T22:11:00.248+0000] {task_command.py:426} INFO - Running <TaskInstance: weather_analytics_etl_pipeline.transform_weather_data manual__2026-07-21T22:10:56.649865+00:00 [running]> on host 71c04b2ce1e3
[2026-07-21T22:11:00.340+0000] {taskinstance.py:2648} INFO - Exporting env vars: AIRFLOW_CTX_DAG_OWNER='Hamza' AIRFLOW_CTX_DAG_ID='weather_analytics_etl_pipeline' AIRFLOW_CTX_TASK_ID='transform_weather_data' AIRFLOW_CTX_EXECUTION_DATE='2026-07-21T22:10:56.649865+00:00' AIRFLOW_CTX_TRY_NUMBER='1' AIRFLOW_CTX_DAG_RUN_ID='manual__2026-07-21T22:10:56.649865+00:00'
[2026-07-21T22:11:00.341+0000] {taskinstance.py:430} INFO - ::endgroup::
[2026-07-21T22:11:00.555+0000] {transform.py:25} INFO - Starting weather data transformation.
[2026-07-21T22:11:00.567+0000] {transform.py:111} INFO - Weather data transformation completed successfully. Rows: 24
[2026-07-21T22:11:00.583+0000] {python.py:237} INFO - Done. Returned value was: None
[2026-07-21T22:11:00.583+0000] {taskinstance.py:441} INFO - ::group::Post task execution logs
[2026-07-21T22:11:00.595+0000] {taskinstance.py:1206} INFO - Marking task as SUCCESS. dag_id=weather_analytics_etl_pipeline, task_id=transform_weather_data, run_id=manual__2026-07-21T22:10:56.649865+00:00, execution_date=20260721T221056, start_date=20260721T221100, end_date=20260721T221100
[2026-07-21T22:11:00.647+0000] {local_task_job_runner.py:240} INFO - Task exited with return code 0
[2026-07-21T22:11:00.674+0000] {taskinstance.py:3503} INFO - 1 downstream tasks scheduled from follow-on schedule check
[2026-07-21T22:11:00.676+0000] {local_task_job_runner.py:222} INFO - ::endgroup::
