[2026-07-21T21:43:53.895+0000] {local_task_job_runner.py:120} INFO - ::group::Pre task execution logs
[2026-07-21T21:43:53.929+0000] {taskinstance.py:2076} INFO - Dependencies all met for dep_context=non-requeueable deps ti=<TaskInstance: weather_analytics_etl_pipeline.load_weather_data manual__2026-07-21T21:38:47.136005+00:00 [queued]>
[2026-07-21T21:43:53.937+0000] {taskinstance.py:2076} INFO - Dependencies all met for dep_context=requeueable deps ti=<TaskInstance: weather_analytics_etl_pipeline.load_weather_data manual__2026-07-21T21:38:47.136005+00:00 [queued]>
[2026-07-21T21:43:53.938+0000] {taskinstance.py:2306} INFO - Starting attempt 2 of 2
[2026-07-21T21:43:53.951+0000] {taskinstance.py:2330} INFO - Executing <Task(PythonOperator): load_weather_data> on 2026-07-21 21:38:47.136005+00:00
[2026-07-21T21:43:53.967+0000] {logging_mixin.py:188} WARNING - /home/***/.local/lib/python3.12/site-packages/***/task/task_runner/standard_task_runner.py:61 DeprecationWarning: This process (pid=283) is multi-threaded, use of fork() may lead to deadlocks in the child.
[2026-07-21T21:43:53.965+0000] {standard_task_runner.py:90} INFO - Running: ['***', 'tasks', 'run', 'weather_analytics_etl_pipeline', 'load_weather_data', 'manual__2026-07-21T21:38:47.136005+00:00', '--job-id', '12', '--raw', '--subdir', 'DAGS_FOLDER/weather_etl_dag.py', '--cfg-path', '/tmp/tmppr_w1jgb']
[2026-07-21T21:43:53.968+0000] {standard_task_runner.py:63} INFO - Started process 285 to run task
[2026-07-21T21:43:53.968+0000] {standard_task_runner.py:91} INFO - Job 12: Subtask load_weather_data
[2026-07-21T21:43:54.023+0000] {task_command.py:426} INFO - Running <TaskInstance: weather_analytics_etl_pipeline.load_weather_data manual__2026-07-21T21:38:47.136005+00:00 [running]> on host 446fd3e93ee9
[2026-07-21T21:43:54.298+0000] {taskinstance.py:2648} INFO - Exporting env vars: AIRFLOW_CTX_DAG_OWNER='Hamza' AIRFLOW_CTX_DAG_ID='weather_analytics_etl_pipeline' AIRFLOW_CTX_TASK_ID='load_weather_data' AIRFLOW_CTX_EXECUTION_DATE='2026-07-21T21:38:47.136005+00:00' AIRFLOW_CTX_TRY_NUMBER='2' AIRFLOW_CTX_DAG_RUN_ID='manual__2026-07-21T21:38:47.136005+00:00'
[2026-07-21T21:43:54.299+0000] {taskinstance.py:430} INFO - ::endgroup::
[2026-07-21T21:43:54.327+0000] {logging_mixin.py:188} WARNING - /opt/***/dags/weather_etl_dag.py:110 FutureWarning: Passing literal json to 'read_json' is deprecated and will be removed in a future version. To read from a literal string, wrap it in a 'StringIO' object.
[2026-07-21T21:43:54.336+0000] {load.py:310} INFO - Starting weather data load process.
[2026-07-21T21:43:54.337+0000] {load.py:29} INFO - Database connection established successfully
[2026-07-21T21:43:54.338+0000] {load.py:53} INFO - Database tables created successfully.
[2026-07-21T21:43:54.340+0000] {load.py:324} ERROR - Database loading failed: attempt to write a readonly database
[2026-07-21T21:43:54.340+0000] {load.py:330} INFO - Database connection closed.
[2026-07-21T21:43:54.341+0000] {taskinstance.py:441} INFO - ::group::Post task execution logs
[2026-07-21T21:43:54.341+0000] {taskinstance.py:2905} ERROR - Task failed with exception
Traceback (most recent call last):
  File "/home/airflow/.local/lib/python3.12/site-packages/airflow/models/taskinstance.py", line 465, in _execute_task
    result = _execute_callable(context=context, **execute_callable_kwargs)
             ^^^^^^^^^^^^^^^^^^^^^^^^^^^^^^^^^^^^^^^^^^^^^^^^^^^^^^^^^^^^^
  File "/home/airflow/.local/lib/python3.12/site-packages/airflow/models/taskinstance.py", line 432, in _execute_callable
    return execute_callable(context=context, **execute_callable_kwargs)
           ^^^^^^^^^^^^^^^^^^^^^^^^^^^^^^^^^^^^^^^^^^^^^^^^^^^^^^^^^^^^
  File "/home/airflow/.local/lib/python3.12/site-packages/airflow/models/baseoperator.py", line 401, in wrapper
    return func(self, *args, **kwargs)
           ^^^^^^^^^^^^^^^^^^^^^^^^^^^
  File "/home/airflow/.local/lib/python3.12/site-packages/airflow/operators/python.py", line 235, in execute
    return_value = self.execute_callable()
                   ^^^^^^^^^^^^^^^^^^^^^^^
  File "/home/airflow/.local/lib/python3.12/site-packages/airflow/operators/python.py", line 252, in execute_callable
    return self.python_callable(*self.op_args, **self.op_kwargs)
           ^^^^^^^^^^^^^^^^^^^^^^^^^^^^^^^^^^^^^^^^^^^^^^^^^^^^^
  File "/opt/airflow/dags/weather_etl_dag.py", line 112, in load_task
    load_weather_data(validated_data)
  File "/opt/airflow/src/load.py", line 316, in load_weather_data
    load_location_dimension(connection, df)
  File "/opt/airflow/src/load.py", line 88, in load_location_dimension
    connection.execute(
sqlite3.OperationalError: attempt to write a readonly database
[2026-07-21T21:43:54.352+0000] {taskinstance.py:1206} INFO - Marking task as FAILED. dag_id=weather_analytics_etl_pipeline, task_id=load_weather_data, run_id=manual__2026-07-21T21:38:47.136005+00:00, execution_date=20260721T213847, start_date=20260721T214353, end_date=20260721T214354
[2026-07-21T21:43:54.361+0000] {standard_task_runner.py:110} ERROR - Failed to execute job 12 for task load_weather_data (attempt to write a readonly database; 285)
[2026-07-21T21:43:54.426+0000] {local_task_job_runner.py:240} INFO - Task exited with return code 1
[2026-07-21T21:43:54.444+0000] {taskinstance.py:3503} INFO - 0 downstream tasks scheduled from follow-on schedule check
[2026-07-21T21:43:54.446+0000] {local_task_job_runner.py:222} INFO - ::endgroup::
