[2026-07-21T21:37:22.290+0000] {local_task_job_runner.py:120} INFO - ::group::Pre task execution logs
[2026-07-21T21:37:22.328+0000] {taskinstance.py:2076} INFO - Dependencies all met for dep_context=non-requeueable deps ti=<TaskInstance: weather_analytics_etl_pipeline.load_weather_data scheduled__2026-07-20T00:00:00+00:00 [queued]>
[2026-07-21T21:37:22.343+0000] {taskinstance.py:2076} INFO - Dependencies all met for dep_context=requeueable deps ti=<TaskInstance: weather_analytics_etl_pipeline.load_weather_data scheduled__2026-07-20T00:00:00+00:00 [queued]>
[2026-07-21T21:37:22.344+0000] {taskinstance.py:2306} INFO - Starting attempt 1 of 2
[2026-07-21T21:37:22.366+0000] {taskinstance.py:2330} INFO - Executing <Task(PythonOperator): load_weather_data> on 2026-07-20 00:00:00+00:00
[2026-07-21T21:37:22.383+0000] {logging_mixin.py:188} WARNING - /home/***/.local/lib/python3.12/site-packages/***/task/task_runner/standard_task_runner.py:61 DeprecationWarning: This process (pid=187) is multi-threaded, use of fork() may lead to deadlocks in the child.
[2026-07-21T21:37:22.380+0000] {standard_task_runner.py:90} INFO - Running: ['***', 'tasks', 'run', 'weather_analytics_etl_pipeline', 'load_weather_data', 'scheduled__2026-07-20T00:00:00+00:00', '--job-id', '6', '--raw', '--subdir', 'DAGS_FOLDER/weather_etl_dag.py', '--cfg-path', '/tmp/tmp_6d585zo']
[2026-07-21T21:37:22.383+0000] {standard_task_runner.py:63} INFO - Started process 189 to run task
[2026-07-21T21:37:22.383+0000] {standard_task_runner.py:91} INFO - Job 6: Subtask load_weather_data
[2026-07-21T21:37:22.439+0000] {task_command.py:426} INFO - Running <TaskInstance: weather_analytics_etl_pipeline.load_weather_data scheduled__2026-07-20T00:00:00+00:00 [running]> on host 446fd3e93ee9
[2026-07-21T21:37:22.706+0000] {taskinstance.py:2648} INFO - Exporting env vars: AIRFLOW_CTX_DAG_OWNER='Hamza' AIRFLOW_CTX_DAG_ID='weather_analytics_etl_pipeline' AIRFLOW_CTX_TASK_ID='load_weather_data' AIRFLOW_CTX_EXECUTION_DATE='2026-07-20T00:00:00+00:00' AIRFLOW_CTX_TRY_NUMBER='1' AIRFLOW_CTX_DAG_RUN_ID='scheduled__2026-07-20T00:00:00+00:00'
[2026-07-21T21:37:22.707+0000] {taskinstance.py:430} INFO - ::endgroup::
[2026-07-21T21:37:22.733+0000] {logging_mixin.py:188} WARNING - /opt/***/dags/weather_etl_dag.py:110 FutureWarning: Passing literal json to 'read_json' is deprecated and will be removed in a future version. To read from a literal string, wrap it in a 'StringIO' object.
[2026-07-21T21:37:22.742+0000] {load.py:310} INFO - Starting weather data load process.
[2026-07-21T21:37:22.747+0000] {load.py:29} INFO - Database connection established successfully
[2026-07-21T21:37:22.749+0000] {load.py:53} INFO - Database tables created successfully.
[2026-07-21T21:37:22.752+0000] {load.py:324} ERROR - Database loading failed: attempt to write a readonly database
[2026-07-21T21:37:22.752+0000] {load.py:330} INFO - Database connection closed.
[2026-07-21T21:37:22.752+0000] {taskinstance.py:441} INFO - ::group::Post task execution logs
[2026-07-21T21:37:22.753+0000] {taskinstance.py:2905} ERROR - Task failed with exception
Traceback (most recent call last):
  File "/home/airflow/.local/lib/python3.12/site-packages/airflow/models/taskinstance.py", line 465, in _execute_task
    result = _execute_callable(context=context, **execute_callable_kwargs)
             ^^^^^^^^^^^^^^^^^^^^^^^^^^^^^^^^^^^^^^^^^^^^^^^^^^^^^^^^^^^^^
  File "/home/airflow/.local/lib/python3.12/site-packages/airflow/models/taskinstance.py", line 432, in _execute_callable
    return execute_callable(context=context, **execute_callable_kwargs)
           ^^^^^^^^^^^^^^^^^^^^^^^^^^^^^^^^^^^^^^^^^^^^^^^^^^^^^^^^^^^^
  File "/home/airflow/.local/lib/python3.12/site-packages/airflow/models/baseoperator.py", line 401, in wrapper
    return func(self, *args, **kwargs)
           ^^^^^^^^^^^^^^^^^^^^^^^^^^^
  File "/home/airflow/.local/lib/python3.12/site-packages/airflow/operators/python.py", line 235, in execute
    return_value = self.execute_callable()
                   ^^^^^^^^^^^^^^^^^^^^^^^
  File "/home/airflow/.local/lib/python3.12/site-packages/airflow/operators/python.py", line 252, in execute_callable
    return self.python_callable(*self.op_args, **self.op_kwargs)
           ^^^^^^^^^^^^^^^^^^^^^^^^^^^^^^^^^^^^^^^^^^^^^^^^^^^^^
  File "/opt/airflow/dags/weather_etl_dag.py", line 112, in load_task
    load_weather_data(validated_data)
  File "/opt/airflow/src/load.py", line 316, in load_weather_data
    load_location_dimension(connection, df)
  File "/opt/airflow/src/load.py", line 88, in load_location_dimension
    connection.execute(
sqlite3.OperationalError: attempt to write a readonly database
[2026-07-21T21:37:22.765+0000] {taskinstance.py:1206} INFO - Marking task as UP_FOR_RETRY. dag_id=weather_analytics_etl_pipeline, task_id=load_weather_data, run_id=scheduled__2026-07-20T00:00:00+00:00, execution_date=20260720T000000, start_date=20260721T213722, end_date=20260721T213722
[2026-07-21T21:37:22.775+0000] {standard_task_runner.py:110} ERROR - Failed to execute job 6 for task load_weather_data (attempt to write a readonly database; 189)
[2026-07-21T21:37:22.804+0000] {local_task_job_runner.py:240} INFO - Task exited with return code 1
[2026-07-21T21:37:22.823+0000] {taskinstance.py:3503} INFO - 0 downstream tasks scheduled from follow-on schedule check
[2026-07-21T21:37:22.825+0000] {local_task_job_runner.py:222} INFO - ::endgroup::
