[2026-07-21T21:38:49.886+0000] {local_task_job_runner.py:120} INFO - ::group::Pre task execution logs
[2026-07-21T21:38:49.921+0000] {taskinstance.py:2076} INFO - Dependencies all met for dep_context=non-requeueable deps ti=<TaskInstance: weather_analytics_etl_pipeline.transform_weather_data manual__2026-07-21T21:38:47.136005+00:00 [queued]>
[2026-07-21T21:38:49.927+0000] {taskinstance.py:2076} INFO - Dependencies all met for dep_context=requeueable deps ti=<TaskInstance: weather_analytics_etl_pipeline.transform_weather_data manual__2026-07-21T21:38:47.136005+00:00 [queued]>
[2026-07-21T21:38:49.928+0000] {taskinstance.py:2306} INFO - Starting attempt 1 of 2
[2026-07-21T21:38:49.939+0000] {taskinstance.py:2330} INFO - Executing <Task(PythonOperator): transform_weather_data> on 2026-07-21 21:38:47.136005+00:00
[2026-07-21T21:38:49.953+0000] {standard_task_runner.py:90} INFO - Running: ['***', 'tasks', 'run', 'weather_analytics_etl_pipeline', 'transform_weather_data', 'manual__2026-07-21T21:38:47.136005+00:00', '--job-id', '8', '--raw', '--subdir', 'DAGS_FOLDER/weather_etl_dag.py', '--cfg-path', '/tmp/tmpso6dxqp5']
[2026-07-21T21:38:49.956+0000] {standard_task_runner.py:91} INFO - Job 8: Subtask transform_weather_data
[2026-07-21T21:38:49.956+0000] {logging_mixin.py:188} WARNING - /home/***/.local/lib/python3.12/site-packages/***/task/task_runner/standard_task_runner.py:61 DeprecationWarning: This process (pid=211) is multi-threaded, use of fork() may lead to deadlocks in the child.
[2026-07-21T21:38:49.957+0000] {standard_task_runner.py:63} INFO - Started process 213 to run task
[2026-07-21T21:38:50.013+0000] {task_command.py:426} INFO - Running <TaskInstance: weather_analytics_etl_pipeline.transform_weather_data manual__2026-07-21T21:38:47.136005+00:00 [running]> on host 446fd3e93ee9
[2026-07-21T21:38:50.279+0000] {taskinstance.py:2648} INFO - Exporting env vars: AIRFLOW_CTX_DAG_OWNER='Hamza' AIRFLOW_CTX_DAG_ID='weather_analytics_etl_pipeline' AIRFLOW_CTX_TASK_ID='transform_weather_data' AIRFLOW_CTX_EXECUTION_DATE='2026-07-21T21:38:47.136005+00:00' AIRFLOW_CTX_TRY_NUMBER='1' AIRFLOW_CTX_DAG_RUN_ID='manual__2026-07-21T21:38:47.136005+00:00'
[2026-07-21T21:38:50.279+0000] {taskinstance.py:430} INFO - ::endgroup::
[2026-07-21T21:38:50.302+0000] {transform.py:25} INFO - Starting weather data transformation.
[2026-07-21T21:38:50.314+0000] {transform.py:111} INFO - Weather data transformation completed successfully. Rows: 24
[2026-07-21T21:38:50.327+0000] {python.py:237} INFO - Done. Returned value was: None
[2026-07-21T21:38:50.328+0000] {taskinstance.py:441} INFO - ::group::Post task execution logs
[2026-07-21T21:38:50.341+0000] {taskinstance.py:1206} INFO - Marking task as SUCCESS. dag_id=weather_analytics_etl_pipeline, task_id=transform_weather_data, run_id=manual__2026-07-21T21:38:47.136005+00:00, execution_date=20260721T213847, start_date=20260721T213849, end_date=20260721T213850
[2026-07-21T21:38:50.411+0000] {local_task_job_runner.py:240} INFO - Task exited with return code 0
[2026-07-21T21:38:50.442+0000] {taskinstance.py:3503} INFO - 1 downstream tasks scheduled from follow-on schedule check
[2026-07-21T21:38:50.445+0000] {local_task_job_runner.py:222} INFO - ::endgroup::
