2026-07-02 19:28:16,930 - src.extract - INFO - Starting weather data extraction for Tampere.
2026-07-02 19:28:17,136 - src.extract - INFO - Weather data extraction completed successfully.
2026-07-03 20:55:09,937 - src.extract - INFO - Starting weather data extraction for Tampere.
2026-07-03 20:55:10,145 - src.extract - INFO - Weather data extraction completed successfully.
2026-07-03 20:55:10,146 - src.transform - INFO - Starting weather data transformation.
2026-07-03 20:56:03,405 - src.extract - INFO - Starting weather data extraction for Tampere.
2026-07-03 20:56:03,587 - src.extract - INFO - Weather data extraction completed successfully.
2026-07-03 20:56:03,589 - src.transform - INFO - Starting weather data transformation.
2026-07-03 20:59:48,244 - src.extract - INFO - Starting weather data extraction for Tampere.
2026-07-03 20:59:48,441 - src.extract - INFO - Weather data extraction completed successfully.
2026-07-03 20:59:48,442 - src.transform - INFO - Starting weather data transformation.
2026-07-03 21:22:54,207 - src.extract - INFO - Starting weather data extraction for Tampere.
2026-07-03 21:22:54,401 - src.extract - INFO - Weather data extraction completed successfully.
2026-07-03 21:22:54,401 - src.transform - INFO - Starting weather data transformation.
2026-07-03 22:11:15,593 - src.extract - INFO - Starting weather data extraction for Tampere.
2026-07-03 22:11:15,802 - src.extract - INFO - Weather data extraction completed successfully.
2026-07-03 22:11:15,803 - src.transform - INFO - Starting weather data transformation.
2026-07-03 22:11:15,859 - src.transform - ERROR - Weather data tranformation failed: 'temperature_celcius'
2026-07-03 22:13:01,255 - src.extract - INFO - Starting weather data extraction for Tampere.
2026-07-03 22:13:01,447 - src.extract - INFO - Weather data extraction completed successfully.
2026-07-03 22:13:01,448 - src.transform - INFO - Starting weather data transformation.
2026-07-03 22:13:01,527 - src.transform - ERROR - Weather data tranformation failed: "['preciptation_nm'] not in index"
2026-07-03 22:15:07,935 - src.extract - INFO - Starting weather data extraction for Tampere.
2026-07-03 22:15:08,141 - src.extract - INFO - Weather data extraction completed successfully.
2026-07-03 22:15:08,142 - src.transform - INFO - Starting weather data transformation.
2026-07-03 22:15:08,179 - src.transform - INFO - Weather data transformation completed successfully. Rows: 24
2026-07-07 09:24:58,848 - src.extract - INFO - Starting weather data extraction for Tampere.
2026-07-07 09:24:59,083 - src.extract - INFO - Weather data extraction completed successfully.
2026-07-07 09:24:59,084 - src.transform - INFO - Starting weather data transformation.
2026-07-07 09:24:59,150 - src.transform - INFO - Weather data transformation completed successfully. Rows: 24
2026-07-07 09:24:59,150 - src.validate - INFO - Starting weather data validation.
2026-07-07 09:25:28,857 - src.extract - INFO - Starting weather data extraction for Tampere.
2026-07-07 09:25:29,045 - src.extract - INFO - Weather data extraction completed successfully.
2026-07-07 09:25:29,046 - src.transform - INFO - Starting weather data transformation.
2026-07-07 09:25:29,079 - src.transform - INFO - Weather data transformation completed successfully. Rows: 24
2026-07-07 09:25:29,079 - src.validate - INFO - Starting weather data validation.
2026-07-07 09:25:29,085 - src.validate - INFO - Weather data validation completed successfully.
2026-07-07 09:26:44,993 - src.extract - INFO - Starting weather data extraction for Tampere.
2026-07-07 09:26:45,576 - src.extract - INFO - Weather data extraction completed successfully.
2026-07-07 09:26:45,577 - src.transform - INFO - Starting weather data transformation.
2026-07-07 09:26:45,606 - src.transform - INFO - Weather data transformation completed successfully. Rows: 24
2026-07-07 09:26:45,607 - src.validate - INFO - Starting weather data validation.
2026-07-07 09:26:45,609 - src.validate - INFO - Weather data validation completed successfully.
2026-07-07 16:04:17,345 - src.extract - INFO - Starting weather data extraction for Tampere.
2026-07-07 16:04:17,563 - src.extract - INFO - Weather data extraction completed successfully.
2026-07-07 16:04:17,564 - src.transform - INFO - Starting weather data transformation.
2026-07-07 16:04:17,646 - src.transform - INFO - Weather data transformation completed successfully. Rows: 24
2026-07-07 16:04:17,647 - src.validate - INFO - Starting weather data validation.
2026-07-07 16:05:19,187 - src.extract - INFO - Starting weather data extraction for Tampere.
2026-07-07 16:05:19,350 - src.extract - INFO - Weather data extraction completed successfully.
2026-07-07 16:05:19,352 - src.transform - INFO - Starting weather data transformation.
2026-07-07 16:05:19,384 - src.transform - INFO - Weather data transformation completed successfully. Rows: 24
2026-07-07 16:05:19,385 - src.validate - INFO - Starting weather data validation.
2026-07-07 16:05:19,396 - src.validate - INFO - Weather data validation completed successfully.
