[2026-07-21T21:29:00.325+0000] {manager.py:470} INFO - Processing files using up to 2 processes at a time 
[2026-07-21T21:29:00.325+0000] {manager.py:471} INFO - Process each file at most once every 30 seconds
[2026-07-21T21:29:00.325+0000] {manager.py:472} INFO - Checking for new files in /opt/airflow/dags every 300 seconds
[2026-07-21T21:29:00.326+0000] {manager.py:737} INFO - Searching for files in /opt/airflow/dags
[2026-07-21T21:29:00.326+0000] {manager.py:740} INFO - There are 0 files in /opt/airflow/dags
[2026-07-21T21:34:00.796+0000] {manager.py:737} INFO - Searching for files in /opt/airflow/dags
[2026-07-21T21:34:00.797+0000] {manager.py:740} INFO - There are 0 files in /opt/airflow/dags
[2026-07-21T21:36:27.063+0000] {manager.py:452} INFO - Exiting gracefully upon receiving signal 15
[2026-07-21T21:36:37.135+0000] {manager.py:470} INFO - Processing files using up to 2 processes at a time 
[2026-07-21T21:36:37.136+0000] {manager.py:471} INFO - Process each file at most once every 30 seconds
[2026-07-21T21:36:37.136+0000] {manager.py:472} INFO - Checking for new files in /opt/airflow/dags every 300 seconds
[2026-07-21T21:36:37.136+0000] {manager.py:737} INFO - Searching for files in /opt/airflow/dags
[2026-07-21T21:36:37.137+0000] {manager.py:740} INFO - There are 1 files in /opt/airflow/dags
[2026-07-21T21:36:37.233+0000] {manager.py:878} INFO - 
================================================================================
DAG File Processing Stats

File Path                               PID  Runtime      # DAGs    # Errors  Last Runtime    Last Run
------------------------------------  -----  ---------  --------  ----------  --------------  ----------
/opt/airflow/dags/weather_etl_dag.py    166  0.04s             0           0
================================================================================
[2026-07-21T21:37:07.277+0000] {manager.py:878} INFO - 
================================================================================
DAG File Processing Stats

File Path                             PID    Runtime      # DAGs    # Errors  Last Runtime    Last Run
------------------------------------  -----  ---------  --------  ----------  --------------  -------------------
/opt/airflow/dags/weather_etl_dag.py                           1           0  1.94s           2026-07-21T21:36:39
================================================================================
[2026-07-21T21:37:37.477+0000] {manager.py:878} INFO - 
================================================================================
DAG File Processing Stats

File Path                             PID    Runtime      # DAGs    # Errors  Last Runtime    Last Run
------------------------------------  -----  ---------  --------  ----------  --------------  -------------------
/opt/airflow/dags/weather_etl_dag.py                           1           0  0.45s           2026-07-21T21:37:09
================================================================================
[2026-07-21T21:38:07.974+0000] {manager.py:878} INFO - 
================================================================================
DAG File Processing Stats

File Path                             PID    Runtime      # DAGs    # Errors  Last Runtime    Last Run
------------------------------------  -----  ---------  --------  ----------  --------------  -------------------
/opt/airflow/dags/weather_etl_dag.py                           1           0  0.46s           2026-07-21T21:37:40
================================================================================
[2026-07-21T21:38:38.107+0000] {manager.py:878} INFO - 
================================================================================
DAG File Processing Stats

File Path                             PID    Runtime      # DAGs    # Errors  Last Runtime    Last Run
------------------------------------  -----  ---------  --------  ----------  --------------  -------------------
/opt/airflow/dags/weather_etl_dag.py                           1           0  0.61s           2026-07-21T21:38:11
================================================================================
[2026-07-21T21:39:08.255+0000] {manager.py:878} INFO - 
================================================================================
DAG File Processing Stats

File Path                             PID    Runtime      # DAGs    # Errors  Last Runtime    Last Run
------------------------------------  -----  ---------  --------  ----------  --------------  -------------------
/opt/airflow/dags/weather_etl_dag.py                           1           0  0.64s           2026-07-21T21:38:41
================================================================================
[2026-07-21T21:39:38.373+0000] {manager.py:878} INFO - 
================================================================================
DAG File Processing Stats

File Path                             PID    Runtime      # DAGs    # Errors  Last Runtime    Last Run
------------------------------------  -----  ---------  --------  ----------  --------------  -------------------
/opt/airflow/dags/weather_etl_dag.py                           1           0  0.45s           2026-07-21T21:39:12
================================================================================
[2026-07-21T21:40:08.519+0000] {manager.py:878} INFO - 
================================================================================
DAG File Processing Stats

File Path                             PID    Runtime      # DAGs    # Errors  Last Runtime    Last Run
------------------------------------  -----  ---------  --------  ----------  --------------  -------------------
/opt/airflow/dags/weather_etl_dag.py                           1           0  0.46s           2026-07-21T21:39:42
================================================================================
[2026-07-21T21:40:39.074+0000] {manager.py:878} INFO - 
================================================================================
DAG File Processing Stats

File Path                             PID    Runtime      # DAGs    # Errors  Last Runtime    Last Run
------------------------------------  -----  ---------  --------  ----------  --------------  -------------------
/opt/airflow/dags/weather_etl_dag.py                           1           0  0.45s           2026-07-21T21:40:13
================================================================================
[2026-07-21T21:41:09.089+0000] {manager.py:878} INFO - 
================================================================================
DAG File Processing Stats

File Path                             PID    Runtime      # DAGs    # Errors  Last Runtime    Last Run
------------------------------------  -----  ---------  --------  ----------  --------------  -------------------
/opt/airflow/dags/weather_etl_dag.py                           1           0  0.46s           2026-07-21T21:40:43
================================================================================
[2026-07-21T21:41:37.200+0000] {manager.py:737} INFO - Searching for files in /opt/airflow/dags
[2026-07-21T21:41:37.201+0000] {manager.py:740} INFO - There are 1 files in /opt/airflow/dags
[2026-07-21T21:41:39.216+0000] {manager.py:878} INFO - 
================================================================================
DAG File Processing Stats

File Path                             PID    Runtime      # DAGs    # Errors  Last Runtime    Last Run
------------------------------------  -----  ---------  --------  ----------  --------------  -------------------
/opt/airflow/dags/weather_etl_dag.py                           1           0  0.46s           2026-07-21T21:41:14
================================================================================
[2026-07-21T21:42:09.338+0000] {manager.py:878} INFO - 
================================================================================
DAG File Processing Stats

File Path                             PID    Runtime      # DAGs    # Errors  Last Runtime    Last Run
------------------------------------  -----  ---------  --------  ----------  --------------  -------------------
/opt/airflow/dags/weather_etl_dag.py                           1           0  0.62s           2026-07-21T21:41:45
================================================================================
[2026-07-21T21:42:39.492+0000] {manager.py:878} INFO - 
================================================================================
DAG File Processing Stats

File Path                             PID    Runtime      # DAGs    # Errors  Last Runtime    Last Run
------------------------------------  -----  ---------  --------  ----------  --------------  -------------------
/opt/airflow/dags/weather_etl_dag.py                           1           0  0.63s           2026-07-21T21:42:15
================================================================================
[2026-07-21T21:43:09.621+0000] {manager.py:878} INFO - 
================================================================================
DAG File Processing Stats

File Path                             PID    Runtime      # DAGs    # Errors  Last Runtime    Last Run
------------------------------------  -----  ---------  --------  ----------  --------------  -------------------
/opt/airflow/dags/weather_etl_dag.py                           1           0  0.45s           2026-07-21T21:42:46
================================================================================
[2026-07-21T21:43:39.762+0000] {manager.py:878} INFO - 
================================================================================
DAG File Processing Stats

File Path                             PID    Runtime      # DAGs    # Errors  Last Runtime    Last Run
------------------------------------  -----  ---------  --------  ----------  --------------  -------------------
/opt/airflow/dags/weather_etl_dag.py                           1           0  0.45s           2026-07-21T21:43:17
================================================================================
[2026-07-21T21:44:09.774+0000] {manager.py:878} INFO - 
================================================================================
DAG File Processing Stats

File Path                             PID    Runtime      # DAGs    # Errors  Last Runtime    Last Run
------------------------------------  -----  ---------  --------  ----------  --------------  -------------------
/opt/airflow/dags/weather_etl_dag.py                           1           0  0.45s           2026-07-21T21:43:47
================================================================================
[2026-07-21T21:44:40.462+0000] {manager.py:878} INFO - 
================================================================================
DAG File Processing Stats

File Path                             PID    Runtime      # DAGs    # Errors  Last Runtime    Last Run
------------------------------------  -----  ---------  --------  ----------  --------------  -------------------
/opt/airflow/dags/weather_etl_dag.py                           1           0  0.63s           2026-07-21T21:44:18
================================================================================
[2026-07-21T21:45:10.630+0000] {manager.py:878} INFO - 
================================================================================
DAG File Processing Stats

File Path                             PID    Runtime      # DAGs    # Errors  Last Runtime    Last Run
------------------------------------  -----  ---------  --------  ----------  --------------  -------------------
/opt/airflow/dags/weather_etl_dag.py                           1           0  0.65s           2026-07-21T21:44:49
================================================================================
[2026-07-21T21:45:40.747+0000] {manager.py:878} INFO - 
================================================================================
DAG File Processing Stats

File Path                             PID    Runtime      # DAGs    # Errors  Last Runtime    Last Run
------------------------------------  -----  ---------  --------  ----------  --------------  -------------------
/opt/airflow/dags/weather_etl_dag.py                           1           0  0.63s           2026-07-21T21:45:19
================================================================================
[2026-07-21T21:46:11.105+0000] {manager.py:878} INFO - 
================================================================================
DAG File Processing Stats

File Path                             PID    Runtime      # DAGs    # Errors  Last Runtime    Last Run
------------------------------------  -----  ---------  --------  ----------  --------------  -------------------
/opt/airflow/dags/weather_etl_dag.py                           1           0  0.45s           2026-07-21T21:45:50
================================================================================
[2026-07-21T21:46:37.651+0000] {manager.py:737} INFO - Searching for files in /opt/airflow/dags
[2026-07-21T21:46:37.653+0000] {manager.py:740} INFO - There are 1 files in /opt/airflow/dags
[2026-07-21T21:46:41.113+0000] {manager.py:878} INFO - 
================================================================================
DAG File Processing Stats

File Path                             PID    Runtime      # DAGs    # Errors  Last Runtime    Last Run
------------------------------------  -----  ---------  --------  ----------  --------------  -------------------
/opt/airflow/dags/weather_etl_dag.py                           1           0  0.45s           2026-07-21T21:46:21
================================================================================
[2026-07-21T21:47:11.243+0000] {manager.py:878} INFO - 
================================================================================
DAG File Processing Stats

File Path                             PID    Runtime      # DAGs    # Errors  Last Runtime    Last Run
------------------------------------  -----  ---------  --------  ----------  --------------  -------------------
/opt/airflow/dags/weather_etl_dag.py                           1           0  0.45s           2026-07-21T21:46:51
================================================================================
[2026-07-21T21:47:41.384+0000] {manager.py:878} INFO - 
================================================================================
DAG File Processing Stats

File Path                             PID    Runtime      # DAGs    # Errors  Last Runtime    Last Run
------------------------------------  -----  ---------  --------  ----------  --------------  -------------------
/opt/airflow/dags/weather_etl_dag.py                           1           0  0.61s           2026-07-21T21:47:22
================================================================================
[2026-07-21T21:48:11.532+0000] {manager.py:878} INFO - 
================================================================================
DAG File Processing Stats

File Path                             PID    Runtime      # DAGs    # Errors  Last Runtime    Last Run
------------------------------------  -----  ---------  --------  ----------  --------------  -------------------
/opt/airflow/dags/weather_etl_dag.py                           1           0  0.62s           2026-07-21T21:47:53
================================================================================
[2026-07-21T21:48:41.657+0000] {manager.py:878} INFO - 
================================================================================
DAG File Processing Stats

File Path                             PID    Runtime      # DAGs    # Errors  Last Runtime    Last Run
------------------------------------  -----  ---------  --------  ----------  --------------  -------------------
/opt/airflow/dags/weather_etl_dag.py                           1           0  0.61s           2026-07-21T21:48:23
================================================================================
[2026-07-21T21:49:11.981+0000] {manager.py:878} INFO - 
================================================================================
DAG File Processing Stats

File Path                             PID    Runtime      # DAGs    # Errors  Last Runtime    Last Run
------------------------------------  -----  ---------  --------  ----------  --------------  -------------------
/opt/airflow/dags/weather_etl_dag.py                           1           0  0.46s           2026-07-21T21:48:54
================================================================================
[2026-07-21T21:49:42.013+0000] {manager.py:878} INFO - 
================================================================================
DAG File Processing Stats

File Path                             PID    Runtime      # DAGs    # Errors  Last Runtime    Last Run
------------------------------------  -----  ---------  --------  ----------  --------------  -------------------
/opt/airflow/dags/weather_etl_dag.py                           1           0  0.45s           2026-07-21T21:49:24
================================================================================
[2026-07-21T21:50:12.144+0000] {manager.py:878} INFO - 
================================================================================
DAG File Processing Stats

File Path                             PID    Runtime      # DAGs    # Errors  Last Runtime    Last Run
------------------------------------  -----  ---------  --------  ----------  --------------  -------------------
/opt/airflow/dags/weather_etl_dag.py                           1           0  0.46s           2026-07-21T21:49:55
================================================================================
[2026-07-21T21:50:42.272+0000] {manager.py:878} INFO - 
================================================================================
DAG File Processing Stats

File Path                             PID    Runtime      # DAGs    # Errors  Last Runtime    Last Run
------------------------------------  -----  ---------  --------  ----------  --------------  -------------------
/opt/airflow/dags/weather_etl_dag.py                           1           0  0.63s           2026-07-21T21:50:26
================================================================================
[2026-07-21T21:51:12.455+0000] {manager.py:878} INFO - 
================================================================================
DAG File Processing Stats

File Path                             PID    Runtime      # DAGs    # Errors  Last Runtime    Last Run
------------------------------------  -----  ---------  --------  ----------  --------------  -------------------
/opt/airflow/dags/weather_etl_dag.py                           1           0  0.61s           2026-07-21T21:50:56
================================================================================
[2026-07-21T21:51:37.734+0000] {manager.py:737} INFO - Searching for files in /opt/airflow/dags
[2026-07-21T21:51:37.735+0000] {manager.py:740} INFO - There are 1 files in /opt/airflow/dags
[2026-07-21T21:51:42.578+0000] {manager.py:878} INFO - 
================================================================================
DAG File Processing Stats

File Path                             PID    Runtime      # DAGs    # Errors  Last Runtime    Last Run
------------------------------------  -----  ---------  --------  ----------  --------------  -------------------
/opt/airflow/dags/weather_etl_dag.py                           1           0  0.63s           2026-07-21T21:51:27
================================================================================
[2026-07-21T21:52:12.878+0000] {manager.py:878} INFO - 
================================================================================
DAG File Processing Stats

File Path                             PID    Runtime      # DAGs    # Errors  Last Runtime    Last Run
------------------------------------  -----  ---------  --------  ----------  --------------  -------------------
/opt/airflow/dags/weather_etl_dag.py                           1           0  0.45s           2026-07-21T21:51:58
================================================================================
[2026-07-21T21:52:42.919+0000] {manager.py:878} INFO - 
================================================================================
DAG File Processing Stats

File Path                             PID    Runtime      # DAGs    # Errors  Last Runtime    Last Run
------------------------------------  -----  ---------  --------  ----------  --------------  -------------------
/opt/airflow/dags/weather_etl_dag.py                           1           0  0.46s           2026-07-21T21:52:28
================================================================================
[2026-07-21T21:53:13.057+0000] {manager.py:878} INFO - 
================================================================================
DAG File Processing Stats

File Path                             PID    Runtime      # DAGs    # Errors  Last Runtime    Last Run
------------------------------------  -----  ---------  --------  ----------  --------------  -------------------
/opt/airflow/dags/weather_etl_dag.py                           1           0  0.45s           2026-07-21T21:52:59
================================================================================
[2026-07-21T21:53:43.188+0000] {manager.py:878} INFO - 
================================================================================
DAG File Processing Stats

File Path                             PID    Runtime      # DAGs    # Errors  Last Runtime    Last Run
------------------------------------  -----  ---------  --------  ----------  --------------  -------------------
/opt/airflow/dags/weather_etl_dag.py                           1           0  0.62s           2026-07-21T21:53:30
================================================================================
[2026-07-21T21:54:13.338+0000] {manager.py:878} INFO - 
================================================================================
DAG File Processing Stats

File Path                             PID    Runtime      # DAGs    # Errors  Last Runtime    Last Run
------------------------------------  -----  ---------  --------  ----------  --------------  -------------------
/opt/airflow/dags/weather_etl_dag.py                           1           0  0.62s           2026-07-21T21:54:00
================================================================================
[2026-07-21T21:54:43.469+0000] {manager.py:878} INFO - 
================================================================================
DAG File Processing Stats

File Path                             PID    Runtime      # DAGs    # Errors  Last Runtime    Last Run
------------------------------------  -----  ---------  --------  ----------  --------------  -------------------
/opt/airflow/dags/weather_etl_dag.py                           1           0  0.61s           2026-07-21T21:54:31
================================================================================
[2026-07-21T21:55:13.799+0000] {manager.py:878} INFO - 
================================================================================
DAG File Processing Stats

File Path                             PID    Runtime      # DAGs    # Errors  Last Runtime    Last Run
------------------------------------  -----  ---------  --------  ----------  --------------  -------------------
/opt/airflow/dags/weather_etl_dag.py                           1           0  0.46s           2026-07-21T21:55:02
================================================================================
[2026-07-21T21:55:43.849+0000] {manager.py:878} INFO - 
================================================================================
DAG File Processing Stats

File Path                             PID    Runtime      # DAGs    # Errors  Last Runtime    Last Run
------------------------------------  -----  ---------  --------  ----------  --------------  -------------------
/opt/airflow/dags/weather_etl_dag.py                           1           0  0.45s           2026-07-21T21:55:32
================================================================================
[2026-07-21T21:56:13.988+0000] {manager.py:878} INFO - 
================================================================================
DAG File Processing Stats

File Path                             PID    Runtime      # DAGs    # Errors  Last Runtime    Last Run
------------------------------------  -----  ---------  --------  ----------  --------------  -------------------
/opt/airflow/dags/weather_etl_dag.py                           1           0  0.46s           2026-07-21T21:56:03
================================================================================
[2026-07-21T21:56:38.101+0000] {manager.py:737} INFO - Searching for files in /opt/airflow/dags
[2026-07-21T21:56:38.103+0000] {manager.py:740} INFO - There are 1 files in /opt/airflow/dags
[2026-07-21T21:56:44.140+0000] {manager.py:878} INFO - 
================================================================================
DAG File Processing Stats

File Path                             PID    Runtime      # DAGs    # Errors  Last Runtime    Last Run
------------------------------------  -----  ---------  --------  ----------  --------------  -------------------
/opt/airflow/dags/weather_etl_dag.py                           1           0  0.62s           2026-07-21T21:56:34
================================================================================
[2026-07-21T21:57:14.325+0000] {manager.py:878} INFO - 
================================================================================
DAG File Processing Stats

File Path                             PID    Runtime      # DAGs    # Errors  Last Runtime    Last Run
------------------------------------  -----  ---------  --------  ----------  --------------  -------------------
/opt/airflow/dags/weather_etl_dag.py                           1           0  0.61s           2026-07-21T21:57:04
================================================================================
[2026-07-21T21:57:44.476+0000] {manager.py:878} INFO - 
================================================================================
DAG File Processing Stats

File Path                             PID    Runtime      # DAGs    # Errors  Last Runtime    Last Run
------------------------------------  -----  ---------  --------  ----------  --------------  -------------------
/opt/airflow/dags/weather_etl_dag.py                           1           0  0.62s           2026-07-21T21:57:35
================================================================================
[2026-07-21T21:58:14.792+0000] {manager.py:878} INFO - 
================================================================================
DAG File Processing Stats

File Path                             PID    Runtime      # DAGs    # Errors  Last Runtime    Last Run
------------------------------------  -----  ---------  --------  ----------  --------------  -------------------
/opt/airflow/dags/weather_etl_dag.py                           1           0  0.45s           2026-07-21T21:58:06
================================================================================
[2026-07-21T21:58:44.833+0000] {manager.py:878} INFO - 
================================================================================
DAG File Processing Stats

File Path                             PID    Runtime      # DAGs    # Errors  Last Runtime    Last Run
------------------------------------  -----  ---------  --------  ----------  --------------  -------------------
/opt/airflow/dags/weather_etl_dag.py                           1           0  0.45s           2026-07-21T21:58:36
================================================================================
[2026-07-21T21:59:15.512+0000] {manager.py:878} INFO - 
================================================================================
DAG File Processing Stats

File Path                             PID    Runtime      # DAGs    # Errors  Last Runtime    Last Run
------------------------------------  -----  ---------  --------  ----------  --------------  -------------------
/opt/airflow/dags/weather_etl_dag.py                           1           0  0.62s           2026-07-21T21:59:07
================================================================================
[2026-07-21T21:59:45.725+0000] {manager.py:878} INFO - 
================================================================================
DAG File Processing Stats

File Path                             PID    Runtime      # DAGs    # Errors  Last Runtime    Last Run
------------------------------------  -----  ---------  --------  ----------  --------------  -------------------
/opt/airflow/dags/weather_etl_dag.py                           1           0  0.61s           2026-07-21T21:59:38
================================================================================
[2026-07-21T22:00:15.838+0000] {manager.py:878} INFO - 
================================================================================
DAG File Processing Stats

File Path                             PID    Runtime      # DAGs    # Errors  Last Runtime    Last Run
------------------------------------  -----  ---------  --------  ----------  --------------  -------------------
/opt/airflow/dags/weather_etl_dag.py                           1           0  0.63s           2026-07-21T22:00:08
================================================================================
[2026-07-21T22:00:46.156+0000] {manager.py:878} INFO - 
================================================================================
DAG File Processing Stats

File Path                             PID    Runtime      # DAGs    # Errors  Last Runtime    Last Run
------------------------------------  -----  ---------  --------  ----------  --------------  -------------------
/opt/airflow/dags/weather_etl_dag.py                           1           0  0.63s           2026-07-21T22:00:39
================================================================================
[2026-07-21T22:01:16.290+0000] {manager.py:878} INFO - 
================================================================================
DAG File Processing Stats

File Path                             PID    Runtime      # DAGs    # Errors  Last Runtime    Last Run
------------------------------------  -----  ---------  --------  ----------  --------------  -------------------
/opt/airflow/dags/weather_etl_dag.py                           1           0  0.45s           2026-07-21T22:01:10
================================================================================
[2026-07-21T22:01:38.402+0000] {manager.py:737} INFO - Searching for files in /opt/airflow/dags
[2026-07-21T22:01:38.403+0000] {manager.py:740} INFO - There are 1 files in /opt/airflow/dags
[2026-07-21T22:01:46.463+0000] {manager.py:878} INFO - 
================================================================================
DAG File Processing Stats

File Path                             PID    Runtime      # DAGs    # Errors  Last Runtime    Last Run
------------------------------------  -----  ---------  --------  ----------  --------------  -------------------
/opt/airflow/dags/weather_etl_dag.py                           1           0  0.45s           2026-07-21T22:01:40
================================================================================
[2026-07-21T22:02:16.595+0000] {manager.py:878} INFO - 
================================================================================
DAG File Processing Stats

File Path                             PID    Runtime      # DAGs    # Errors  Last Runtime    Last Run
------------------------------------  -----  ---------  --------  ----------  --------------  -------------------
/opt/airflow/dags/weather_etl_dag.py                           1           0  0.63s           2026-07-21T22:02:11
================================================================================
[2026-07-21T22:02:46.767+0000] {manager.py:878} INFO - 
================================================================================
DAG File Processing Stats

File Path                             PID    Runtime      # DAGs    # Errors  Last Runtime    Last Run
------------------------------------  -----  ---------  --------  ----------  --------------  -------------------
/opt/airflow/dags/weather_etl_dag.py                           1           0  0.61s           2026-07-21T22:02:42
================================================================================
[2026-07-21T22:03:16.899+0000] {manager.py:878} INFO - 
================================================================================
DAG File Processing Stats

File Path                             PID    Runtime      # DAGs    # Errors  Last Runtime    Last Run
------------------------------------  -----  ---------  --------  ----------  --------------  -------------------
/opt/airflow/dags/weather_etl_dag.py                           1           0  0.64s           2026-07-21T22:03:13
================================================================================
[2026-07-21T22:03:47.243+0000] {manager.py:878} INFO - 
================================================================================
DAG File Processing Stats

File Path                             PID    Runtime      # DAGs    # Errors  Last Runtime    Last Run
------------------------------------  -----  ---------  --------  ----------  --------------  -------------------
/opt/airflow/dags/weather_etl_dag.py                           1           0  0.45s           2026-07-21T22:03:43
================================================================================
[2026-07-21T22:04:17.280+0000] {manager.py:878} INFO - 
================================================================================
DAG File Processing Stats

File Path                             PID    Runtime      # DAGs    # Errors  Last Runtime    Last Run
------------------------------------  -----  ---------  --------  ----------  --------------  -------------------
/opt/airflow/dags/weather_etl_dag.py                           1           0  0.46s           2026-07-21T22:04:14
================================================================================
[2026-07-21T22:04:47.420+0000] {manager.py:878} INFO - 
================================================================================
DAG File Processing Stats

File Path                             PID    Runtime      # DAGs    # Errors  Last Runtime    Last Run
------------------------------------  -----  ---------  --------  ----------  --------------  -------------------
/opt/airflow/dags/weather_etl_dag.py                           1           0  0.45s           2026-07-21T22:04:44
================================================================================
[2026-07-21T22:05:17.548+0000] {manager.py:878} INFO - 
================================================================================
DAG File Processing Stats

File Path                             PID    Runtime      # DAGs    # Errors  Last Runtime    Last Run
------------------------------------  -----  ---------  --------  ----------  --------------  -------------------
/opt/airflow/dags/weather_etl_dag.py                           1           0  0.62s           2026-07-21T22:05:15
================================================================================
[2026-07-21T22:05:47.714+0000] {manager.py:878} INFO - 
================================================================================
DAG File Processing Stats

File Path                             PID    Runtime      # DAGs    # Errors  Last Runtime    Last Run
------------------------------------  -----  ---------  --------  ----------  --------------  -------------------
/opt/airflow/dags/weather_etl_dag.py                           1           0  0.63s           2026-07-21T22:05:46
================================================================================
[2026-07-21T22:06:17.839+0000] {manager.py:878} INFO - 
================================================================================
DAG File Processing Stats

File Path                             PID    Runtime      # DAGs    # Errors  Last Runtime    Last Run
------------------------------------  -----  ---------  --------  ----------  --------------  -------------------
/opt/airflow/dags/weather_etl_dag.py                           1           0  0.65s           2026-07-21T22:06:17
================================================================================
[2026-07-21T22:06:38.931+0000] {manager.py:737} INFO - Searching for files in /opt/airflow/dags
[2026-07-21T22:06:38.933+0000] {manager.py:740} INFO - There are 1 files in /opt/airflow/dags
[2026-07-21T22:06:48.242+0000] {manager.py:878} INFO - 
================================================================================
DAG File Processing Stats

File Path                             PID    Runtime      # DAGs    # Errors  Last Runtime    Last Run
------------------------------------  -----  ---------  --------  ----------  --------------  -------------------
/opt/airflow/dags/weather_etl_dag.py                           1           0  0.46s           2026-07-21T22:06:47
================================================================================
[2026-07-21T22:07:18.268+0000] {manager.py:878} INFO - 
================================================================================
DAG File Processing Stats

File Path                             PID    Runtime      # DAGs    # Errors  Last Runtime    Last Run
------------------------------------  -----  ---------  --------  ----------  --------------  -------------------
/opt/airflow/dags/weather_etl_dag.py                           1           0  0.45s           2026-07-21T22:07:18
================================================================================
[2026-07-21T22:07:48.397+0000] {manager.py:878} INFO - 
================================================================================
DAG File Processing Stats

File Path                               PID  Runtime      # DAGs    # Errors  Last Runtime    Last Run
------------------------------------  -----  ---------  --------  ----------  --------------  -------------------
/opt/airflow/dags/weather_etl_dag.py    576  0.01s             1           0  0.45s           2026-07-21T22:07:18
================================================================================
[2026-07-21T22:08:19.093+0000] {manager.py:878} INFO - 
================================================================================
DAG File Processing Stats

File Path                               PID  Runtime      # DAGs    # Errors  Last Runtime    Last Run
------------------------------------  -----  ---------  --------  ----------  --------------  -------------------
/opt/airflow/dags/weather_etl_dag.py    590  0.01s             1           0  0.63s           2026-07-21T22:07:49
================================================================================
[2026-07-21T22:08:49.239+0000] {manager.py:878} INFO - 
================================================================================
DAG File Processing Stats

File Path                             PID    Runtime      # DAGs    # Errors  Last Runtime    Last Run
------------------------------------  -----  ---------  --------  ----------  --------------  -------------------
/opt/airflow/dags/weather_etl_dag.py                           1           0  0.62s           2026-07-21T22:08:19
================================================================================
[2026-07-21T22:09:01.755+0000] {manager.py:452} INFO - Exiting gracefully upon receiving signal 15
[2026-07-21T22:09:47.015+0000] {manager.py:470} INFO - Processing files using up to 2 processes at a time 
[2026-07-21T22:09:47.018+0000] {manager.py:471} INFO - Process each file at most once every 30 seconds
[2026-07-21T22:09:47.018+0000] {manager.py:472} INFO - Checking for new files in /opt/airflow/dags every 300 seconds
[2026-07-21T22:09:47.018+0000] {manager.py:737} INFO - Searching for files in /opt/airflow/dags
[2026-07-21T22:09:47.020+0000] {manager.py:740} INFO - There are 1 files in /opt/airflow/dags
[2026-07-21T22:09:47.114+0000] {manager.py:878} INFO - 
================================================================================
DAG File Processing Stats

File Path                               PID  Runtime      # DAGs    # Errors  Last Runtime    Last Run
------------------------------------  -----  ---------  --------  ----------  --------------  ----------
/opt/airflow/dags/weather_etl_dag.py    166  0.04s             0           0
================================================================================
[2026-07-21T22:10:17.224+0000] {manager.py:878} INFO - 
================================================================================
DAG File Processing Stats

File Path                             PID    Runtime      # DAGs    # Errors  Last Runtime    Last Run
------------------------------------  -----  ---------  --------  ----------  --------------  -------------------
/opt/airflow/dags/weather_etl_dag.py                           1           0  1.55s           2026-07-21T22:09:48
================================================================================
[2026-07-21T22:10:47.360+0000] {manager.py:878} INFO - 
================================================================================
DAG File Processing Stats

File Path                             PID    Runtime      # DAGs    # Errors  Last Runtime    Last Run
------------------------------------  -----  ---------  --------  ----------  --------------  -------------------
/opt/airflow/dags/weather_etl_dag.py                           1           0  0.86s           2026-07-21T22:10:19
================================================================================
[2026-07-21T22:11:17.834+0000] {manager.py:878} INFO - 
================================================================================
DAG File Processing Stats

File Path                             PID    Runtime      # DAGs    # Errors  Last Runtime    Last Run
------------------------------------  -----  ---------  --------  ----------  --------------  -------------------
/opt/airflow/dags/weather_etl_dag.py                           1           0  0.47s           2026-07-21T22:10:50
================================================================================
[2026-07-21T22:11:47.878+0000] {manager.py:878} INFO - 
================================================================================
DAG File Processing Stats

File Path                             PID    Runtime      # DAGs    # Errors  Last Runtime    Last Run
------------------------------------  -----  ---------  --------  ----------  --------------  -------------------
/opt/airflow/dags/weather_etl_dag.py                           1           0  0.48s           2026-07-21T22:11:20
================================================================================
[2026-07-21T22:12:18.009+0000] {manager.py:878} INFO - 
================================================================================
DAG File Processing Stats

File Path                             PID    Runtime      # DAGs    # Errors  Last Runtime    Last Run
------------------------------------  -----  ---------  --------  ----------  --------------  -------------------
/opt/airflow/dags/weather_etl_dag.py                           1           0  0.47s           2026-07-21T22:11:51
================================================================================
[2026-07-21T22:12:48.052+0000] {manager.py:878} INFO - 
================================================================================
DAG File Processing Stats

File Path                             PID    Runtime      # DAGs    # Errors  Last Runtime    Last Run
------------------------------------  -----  ---------  --------  ----------  --------------  -------------------
/opt/airflow/dags/weather_etl_dag.py                           1           0  0.48s           2026-07-21T22:12:21
================================================================================
[2026-07-21T22:13:18.726+0000] {manager.py:878} INFO - 
================================================================================
DAG File Processing Stats

File Path                             PID    Runtime      # DAGs    # Errors  Last Runtime    Last Run
------------------------------------  -----  ---------  --------  ----------  --------------  -------------------
/opt/airflow/dags/weather_etl_dag.py                           1           0  0.64s           2026-07-21T22:12:52
================================================================================
[2026-07-21T22:13:48.924+0000] {manager.py:878} INFO - 
================================================================================
DAG File Processing Stats

File Path                             PID    Runtime      # DAGs    # Errors  Last Runtime    Last Run
------------------------------------  -----  ---------  --------  ----------  --------------  -------------------
/opt/airflow/dags/weather_etl_dag.py                           1           0  0.46s           2026-07-21T22:13:23
================================================================================
[2026-07-21T22:14:19.434+0000] {manager.py:878} INFO - 
================================================================================
DAG File Processing Stats

File Path                             PID    Runtime      # DAGs    # Errors  Last Runtime    Last Run
------------------------------------  -----  ---------  --------  ----------  --------------  -------------------
/opt/airflow/dags/weather_etl_dag.py                           1           0  0.46s           2026-07-21T22:13:53
================================================================================
[2026-07-21T22:14:47.455+0000] {manager.py:737} INFO - Searching for files in /opt/airflow/dags
[2026-07-21T22:14:47.456+0000] {manager.py:740} INFO - There are 1 files in /opt/airflow/dags
[2026-07-21T22:14:49.472+0000] {manager.py:878} INFO - 
================================================================================
DAG File Processing Stats

File Path                             PID    Runtime      # DAGs    # Errors  Last Runtime    Last Run
------------------------------------  -----  ---------  --------  ----------  --------------  -------------------
/opt/airflow/dags/weather_etl_dag.py                           1           0  0.47s           2026-07-21T22:14:24
================================================================================
[2026-07-21T22:15:19.600+0000] {manager.py:878} INFO - 
================================================================================
DAG File Processing Stats

File Path                             PID    Runtime      # DAGs    # Errors  Last Runtime    Last Run
------------------------------------  -----  ---------  --------  ----------  --------------  -------------------
/opt/airflow/dags/weather_etl_dag.py                           1           0  0.46s           2026-07-21T22:14:54
================================================================================
[2026-07-21T22:15:49.730+0000] {manager.py:878} INFO - 
================================================================================
DAG File Processing Stats

File Path                             PID    Runtime      # DAGs    # Errors  Last Runtime    Last Run
------------------------------------  -----  ---------  --------  ----------  --------------  -------------------
/opt/airflow/dags/weather_etl_dag.py                           1           0  0.63s           2026-07-21T22:15:25
================================================================================
[2026-07-21T22:16:19.905+0000] {manager.py:878} INFO - 
================================================================================
DAG File Processing Stats

File Path                             PID    Runtime      # DAGs    # Errors  Last Runtime    Last Run
------------------------------------  -----  ---------  --------  ----------  --------------  -------------------
/opt/airflow/dags/weather_etl_dag.py                           1           0  0.63s           2026-07-21T22:15:56
================================================================================
[2026-07-21T22:16:50.041+0000] {manager.py:878} INFO - 
================================================================================
DAG File Processing Stats

File Path                             PID    Runtime      # DAGs    # Errors  Last Runtime    Last Run
------------------------------------  -----  ---------  --------  ----------  --------------  -------------------
/opt/airflow/dags/weather_etl_dag.py                           1           0  0.47s           2026-07-21T22:16:26
================================================================================
[2026-07-21T22:17:20.175+0000] {manager.py:878} INFO - 
================================================================================
DAG File Processing Stats

File Path                             PID    Runtime      # DAGs    # Errors  Last Runtime    Last Run
------------------------------------  -----  ---------  --------  ----------  --------------  -------------------
/opt/airflow/dags/weather_etl_dag.py                           1           0  0.46s           2026-07-21T22:16:57
================================================================================
[2026-07-21T22:17:50.227+0000] {manager.py:878} INFO - 
================================================================================
DAG File Processing Stats

File Path                             PID    Runtime      # DAGs    # Errors  Last Runtime    Last Run
------------------------------------  -----  ---------  --------  ----------  --------------  -------------------
/opt/airflow/dags/weather_etl_dag.py                           1           0  0.48s           2026-07-21T22:17:28
================================================================================
[2026-07-21T22:18:20.370+0000] {manager.py:878} INFO - 
================================================================================
DAG File Processing Stats

File Path                             PID    Runtime      # DAGs    # Errors  Last Runtime    Last Run
------------------------------------  -----  ---------  --------  ----------  --------------  -------------------
/opt/airflow/dags/weather_etl_dag.py                           1           0  0.46s           2026-07-21T22:17:58
================================================================================
