[2026-07-21T22:21:56.131+0000] {local_task_job_runner.py:120} INFO - ::group::Pre task execution logs
[2026-07-21T22:21:56.164+0000] {taskinstance.py:2076} INFO - Dependencies all met for dep_context=non-requeueable deps ti=<TaskInstance: weather_analytics_etl_pipeline.load_weather_data manual__2026-07-21T22:21:51.455759+00:00 [queued]>
[2026-07-21T22:21:56.172+0000] {taskinstance.py:2076} INFO - Dependencies all met for dep_context=requeueable deps ti=<TaskInstance: weather_analytics_etl_pipeline.load_weather_data manual__2026-07-21T22:21:51.455759+00:00 [queued]>
[2026-07-21T22:21:56.173+0000] {taskinstance.py:2306} INFO - Starting attempt 1 of 2
[2026-07-21T22:21:56.184+0000] {taskinstance.py:2330} INFO - Executing <Task(PythonOperator): load_weather_data> on 2026-07-21 22:21:51.455759+00:00
[2026-07-21T22:21:56.202+0000] {logging_mixin.py:188} WARNING - /home/***/.local/lib/python3.12/site-packages/***/task/task_runner/standard_task_runner.py:61 DeprecationWarning: This process (pid=332) is multi-threaded, use of fork() may lead to deadlocks in the child.
[2026-07-21T22:21:56.200+0000] {standard_task_runner.py:90} INFO - Running: ['***', 'tasks', 'run', 'weather_analytics_etl_pipeline', 'load_weather_data', 'manual__2026-07-21T22:21:51.455759+00:00', '--job-id', '21', '--raw', '--subdir', 'DAGS_FOLDER/weather_etl_dag.py', '--cfg-path', '/tmp/tmpud06qmds']
[2026-07-21T22:21:56.203+0000] {standard_task_runner.py:63} INFO - Started process 334 to run task
[2026-07-21T22:21:56.203+0000] {standard_task_runner.py:91} INFO - Job 21: Subtask load_weather_data
[2026-07-21T22:21:56.254+0000] {task_command.py:426} INFO - Running <TaskInstance: weather_analytics_etl_pipeline.load_weather_data manual__2026-07-21T22:21:51.455759+00:00 [running]> on host 71c04b2ce1e3
[2026-07-21T22:21:56.345+0000] {taskinstance.py:2648} INFO - Exporting env vars: AIRFLOW_CTX_DAG_OWNER='Hamza' AIRFLOW_CTX_DAG_ID='weather_analytics_etl_pipeline' AIRFLOW_CTX_TASK_ID='load_weather_data' AIRFLOW_CTX_EXECUTION_DATE='2026-07-21T22:21:51.455759+00:00' AIRFLOW_CTX_TRY_NUMBER='1' AIRFLOW_CTX_DAG_RUN_ID='manual__2026-07-21T22:21:51.455759+00:00'
[2026-07-21T22:21:56.346+0000] {taskinstance.py:430} INFO - ::endgroup::
[2026-07-21T22:21:56.562+0000] {logging_mixin.py:188} WARNING - /opt/***/dags/weather_etl_dag.py:110 FutureWarning: Passing literal json to 'read_json' is deprecated and will be removed in a future version. To read from a literal string, wrap it in a 'StringIO' object.
[2026-07-21T22:21:56.572+0000] {load.py:310} INFO - Starting weather data load process.
[2026-07-21T22:21:56.572+0000] {load.py:29} INFO - Database connection established successfully
[2026-07-21T22:21:56.573+0000] {load.py:53} INFO - Database tables created successfully.
[2026-07-21T22:21:56.580+0000] {load.py:100} INFO - Location dimension loaded successfully.
[2026-07-21T22:21:56.583+0000] {load.py:139} INFO - Date dimesion loaded successfully.
[2026-07-21T22:21:56.587+0000] {load.py:166} INFO - Time dimension loaded successfully.
[2026-07-21T22:21:56.592+0000] {load.py:297} INFO - Fact weather table loaded successfully.
[2026-07-21T22:21:56.592+0000] {load.py:321} INFO - Weather data loaded into database successfully.
[2026-07-21T22:21:56.592+0000] {load.py:330} INFO - Database connection closed.
[2026-07-21T22:21:56.592+0000] {python.py:237} INFO - Done. Returned value was: None
[2026-07-21T22:21:56.592+0000] {taskinstance.py:441} INFO - ::group::Post task execution logs
[2026-07-21T22:21:56.605+0000] {taskinstance.py:1206} INFO - Marking task as SUCCESS. dag_id=weather_analytics_etl_pipeline, task_id=load_weather_data, run_id=manual__2026-07-21T22:21:51.455759+00:00, execution_date=20260721T222151, start_date=20260721T222156, end_date=20260721T222156
[2026-07-21T22:21:56.657+0000] {local_task_job_runner.py:240} INFO - Task exited with return code 0
[2026-07-21T22:21:56.676+0000] {taskinstance.py:3503} INFO - 0 downstream tasks scheduled from follow-on schedule check
[2026-07-21T22:21:56.678+0000] {local_task_job_runner.py:222} INFO - ::endgroup::
