[2026-07-21T21:38:47.956+0000] {local_task_job_runner.py:120} INFO - ::group::Pre task execution logs
[2026-07-21T21:38:47.991+0000] {taskinstance.py:2076} INFO - Dependencies all met for dep_context=non-requeueable deps ti=<TaskInstance: weather_analytics_etl_pipeline.extract_weather_data manual__2026-07-21T21:38:47.136005+00:00 [queued]>
[2026-07-21T21:38:47.998+0000] {taskinstance.py:2076} INFO - Dependencies all met for dep_context=requeueable deps ti=<TaskInstance: weather_analytics_etl_pipeline.extract_weather_data manual__2026-07-21T21:38:47.136005+00:00 [queued]>
[2026-07-21T21:38:47.998+0000] {taskinstance.py:2306} INFO - Starting attempt 1 of 2
[2026-07-21T21:38:48.012+0000] {taskinstance.py:2330} INFO - Executing <Task(PythonOperator): extract_weather_data> on 2026-07-21 21:38:47.136005+00:00
[2026-07-21T21:38:48.029+0000] {logging_mixin.py:188} WARNING - /home/***/.local/lib/python3.12/site-packages/***/task/task_runner/standard_task_runner.py:61 DeprecationWarning: This process (pid=208) is multi-threaded, use of fork() may lead to deadlocks in the child.
[2026-07-21T21:38:48.026+0000] {standard_task_runner.py:90} INFO - Running: ['***', 'tasks', 'run', 'weather_analytics_etl_pipeline', 'extract_weather_data', 'manual__2026-07-21T21:38:47.136005+00:00', '--job-id', '7', '--raw', '--subdir', 'DAGS_FOLDER/weather_etl_dag.py', '--cfg-path', '/tmp/tmpy270rpdi']
[2026-07-21T21:38:48.030+0000] {standard_task_runner.py:63} INFO - Started process 210 to run task
[2026-07-21T21:38:48.030+0000] {standard_task_runner.py:91} INFO - Job 7: Subtask extract_weather_data
[2026-07-21T21:38:48.095+0000] {task_command.py:426} INFO - Running <TaskInstance: weather_analytics_etl_pipeline.extract_weather_data manual__2026-07-21T21:38:47.136005+00:00 [running]> on host 446fd3e93ee9
[2026-07-21T21:38:48.382+0000] {taskinstance.py:2648} INFO - Exporting env vars: AIRFLOW_CTX_DAG_OWNER='Hamza' AIRFLOW_CTX_DAG_ID='weather_analytics_etl_pipeline' AIRFLOW_CTX_TASK_ID='extract_weather_data' AIRFLOW_CTX_EXECUTION_DATE='2026-07-21T21:38:47.136005+00:00' AIRFLOW_CTX_TRY_NUMBER='1' AIRFLOW_CTX_DAG_RUN_ID='manual__2026-07-21T21:38:47.136005+00:00'
[2026-07-21T21:38:48.382+0000] {taskinstance.py:430} INFO - ::endgroup::
[2026-07-21T21:38:48.396+0000] {extract.py:40} INFO - Starting weather data extraction for Tampere.
[2026-07-21T21:38:48.566+0000] {extract.py:56} INFO - Weather data extraction completed successfully.
[2026-07-21T21:38:48.586+0000] {python.py:237} INFO - Done. Returned value was: None
[2026-07-21T21:38:48.587+0000] {taskinstance.py:441} INFO - ::group::Post task execution logs
[2026-07-21T21:38:48.598+0000] {taskinstance.py:1206} INFO - Marking task as SUCCESS. dag_id=weather_analytics_etl_pipeline, task_id=extract_weather_data, run_id=manual__2026-07-21T21:38:47.136005+00:00, execution_date=20260721T213847, start_date=20260721T213847, end_date=20260721T213848
[2026-07-21T21:38:48.648+0000] {local_task_job_runner.py:240} INFO - Task exited with return code 0
[2026-07-21T21:38:48.681+0000] {taskinstance.py:3503} INFO - 1 downstream tasks scheduled from follow-on schedule check
[2026-07-21T21:38:48.685+0000] {local_task_job_runner.py:222} INFO - ::endgroup::
